<?xml version="1.0" encoding="UTF-8"?>
<mappings xmlns="http://dozer.sourceforge.net"
          xmlns:xsi="http://www.w3.org/2001/XMLSchema-instance"
          xsi:schemaLocation="http://dozer.sourceforge.net
          http://dozer.sourceforge.net/schema/beanmapping.xsd">
    <mapping>
        <class-a>com.xgt.dozer.enhance.bean.test4.Test4From</class-a>
        <class-b>com.xgt.dozer.enhance.bean.test4.Test4To</class-b>
        <field custom-converter-id="optional-support">
            <a>attr1</a>
            <b>attr1</b>
        </field>
        <field custom-converter="com.xgt.dozer.enhance.converter.LocalDateConverter">
            <a>attr2</a>
            <b>attr2</b>
        </field>
    </mapping>
</mappings>
